modules/expo-focus-mode/android/build/intermediates/manifest_merge_blame_file/debug/processDebugManifest/manifest-merger-blame-debug-report.txt
1<?xml version="1.0" encoding="utf-8"?>
2<manifest xmlns:android="http://schemas.android.com/apk/res/android"
3    package="expo.modules.focusmode" >
4
5    <uses-sdk android:minSdkVersion="24" />
6
7    <application>
7-->src/main/AndroidManifest.xml:2:3-15:17
8        <service
8-->src/main/AndroidManifest.xml:3:5-14:15
9            android:name="expo.modules.focusmode.FocusAccessibilityService"
9-->src/main/AndroidManifest.xml:4:7-48
10            android:exported="true"
10-->src/main/AndroidManifest.xml:5:7-30
11            android:label="@string/focus_accessibility_service_label"
11-->src/main/AndroidManifest.xml:6:7-64
12            android:permission="android.permission.BIND_ACCESSIBILITY_SERVICE" >
12-->src/main/AndroidManifest.xml:7:7-73
13            <intent-filter>
13-->src/main/AndroidManifest.xml:8:7-10:23
14                <action android:name="android.accessibilityservice.AccessibilityService" />
14-->src/main/AndroidManifest.xml:9:9-84
14-->src/main/AndroidManifest.xml:9:17-81
15            </intent-filter>
16
17            <meta-data
17-->src/main/AndroidManifest.xml:11:7-13:70
18                android:name="android.accessibilityservice"
18-->src/main/AndroidManifest.xml:12:9-52
19                android:resource="@xml/focus_accessibility_service_config" />
19-->src/main/AndroidManifest.xml:13:9-67
20        </service>
21    </application>
22
23</manifest>